  icode   ic inum1 inum2 inum3   subed  recmonps reccnstps  flow(m^3)   sed(t)      orgn(kg)    orgp(kg)    nitrate(kg) sol.p(kg)   sol.pst(mg) sor.pst(mg)
       1        1        1        0        0        0                         0.8338E+08  0.4504E-04  0.1335E+00  0.4006E+00  0.2218E+05  0.1337E+00  0.0000E+00  0.0000E+00
       1        2        2        0        0        0                         0.7567E+08  0.8512E+05  0.1372E+06  0.4216E+05  0.3402E+05  0.9896E+02  0.0000E+00  0.0000E+00
       1        3        3        0        0        0                         0.1562E+09  0.5929E+05  0.1517E+06  0.4244E+05  0.5139E+05  0.1236E+03  0.0000E+00  0.0000E+00
       1        4        4        0        0        0                         0.3047E+09  0.6932E+05  0.2257E+06  0.6081E+05  0.2037E+06  0.2028E+03  0.0000E+00  0.0000E+00
       1        5        5        0        0        0                         0.1858E+09  0.1314E+06  0.2315E+06  0.7246E+05  0.4249E+05  0.1995E+03  0.0000E+00  0.0000E+00
       1        6        6        0        0        0                         0.5404E+08  0.7430E+05  0.9504E+05  0.2739E+05  0.2049E+05  0.2959E+02  0.0000E+00  0.0000E+00
       1        7        7        0        0        0                         0.1908E+09  0.3761E+06  0.4480E+06  0.1250E+06  0.5541E+05  0.1010E+03  0.0000E+00  0.0000E+00
       1        8        8        0        0        0                         0.4102E+09  0.1320E+08  0.5636E+07  0.1551E+07  0.1958E+06  0.2344E+04  0.0000E+00  0.0000E+00
       1        9        9        0        0        0                         0.1255E+10  0.9653E+07  0.8342E+07  0.1943E+07  0.1581E+06  0.2003E+04  0.0000E+00  0.0000E+00
       1       10       10        0        0        0                         0.6629E+09  0.5918E+07  0.4332E+07  0.1060E+07  0.1626E+06  0.1082E+04  0.0000E+00  0.0000E+00
       1       11       11        0        0        0                         0.5798E+09  0.1228E+07  0.2670E+07  0.7044E+06  0.5389E+05  0.1360E+04  0.0000E+00  0.0000E+00
       1       12       12        0        0        0                         0.1520E+10  0.4756E+08  0.9572E+07  0.2177E+07  0.1287E+06  0.1454E+04  0.0000E+00  0.0000E+00
       1       13       13        0        0        0                         0.9422E+09  0.9566E+08  0.8029E+07  0.1823E+07  0.1464E+06  0.1234E+04  0.0000E+00  0.0000E+00
      11       14        1        0        0        0                   2p    0.0000E+00  0.0000E+00  0.0000E+00  0.0000E+00  0.0000E+00  0.0000E+00  0.0000E+00  0.0000E+00
       5       15        2       14        0        0                         0.7567E+08  0.8512E+05  0.1372E+06  0.4216E+05  0.3402E+05  0.9896E+02  0.0000E+00  0.0000E+00
       2       16        2       15        2        0                         0.7323E+08  0.2450E+04  0.1347E+06  0.4090E+05  0.3264E+05  0.2965E+03  0.0000E+00  0.0000E+00
      11       17        2        0        0        0                   4p    0.0000E+00  0.0000E+00  0.0000E+00  0.0000E+00  0.0000E+00  0.0000E+00  0.0000E+00  0.0000E+00
       5       18        4       17        0        0                         0.3047E+09  0.6932E+05  0.2257E+06  0.6081E+05  0.2037E+06  0.2028E+03  0.0000E+00  0.0000E+00
       2       19        4       18        4        0                         0.2756E+09  0.2842E+05  0.2086E+06  0.5361E+05  0.1889E+06  0.6054E+03  0.0000E+00  0.0000E+00
      11       20        3        0        0        0                   6p    0.0000E+00  0.0000E+00  0.0000E+00  0.0000E+00  0.0000E+00  0.0000E+00  0.0000E+00  0.0000E+00
       5       21        6       20        0        0                         0.5404E+08  0.7430E+05  0.9504E+05  0.2739E+05  0.2049E+05  0.2959E+02  0.0000E+00  0.0000E+00
       2       22        6       21        6        0                         0.5175E+08  0.2915E+04  0.9224E+05  0.2606E+05  0.1820E+05  0.8831E+02  0.0000E+00  0.0000E+00
      11       23        4        0        0        0                   7p    0.0000E+00  0.0000E+00  0.0000E+00  0.0000E+00  0.0000E+00  0.0000E+00  0.0000E+00  0.0000E+00
       5       24        7       23        0        0                         0.1908E+09  0.3761E+06  0.4480E+06  0.1250E+06  0.5541E+05  0.1010E+03  0.0000E+00  0.0000E+00
       2       25        7       24        7        0                         0.1878E+09  0.1367E+05  0.4399E+06  0.1212E+06  0.5381E+05  0.3024E+03  0.0000E+00  0.0000E+00
      11       26        5        0        0        0                   8p    0.0000E+00  0.0000E+00  0.0000E+00  0.0000E+00  0.0000E+00  0.0000E+00  0.0000E+00  0.0000E+00
       5       27        8       26        0        0                         0.4102E+09  0.1320E+08  0.5636E+07  0.1551E+07  0.1958E+06  0.2344E+04  0.0000E+00  0.0000E+00
       2       28        8       27        8        0                         0.3997E+09  0.5673E+05  0.5513E+07  0.1496E+07  0.1862E+06  0.7025E+04  0.0000E+00  0.0000E+00
      11       29        6        0        0        0                   9p    0.0000E+00  0.0000E+00  0.0000E+00  0.0000E+00  0.0000E+00  0.0000E+00  0.0000E+00  0.0000E+00
       5       30        9       29        0        0                         0.1255E+10  0.9653E+07  0.8342E+07  0.1943E+07  0.1581E+06  0.2003E+04  0.0000E+00  0.0000E+00
       2       31        9       30        9        0                         0.1240E+10  0.2618E+06  0.8045E+07  0.1834E+07  0.1537E+06  0.6007E+04  0.0000E+00  0.0000E+00
      11       32        7        0        0        0                  11p    0.0000E+00  0.0000E+00  0.0000E+00  0.0000E+00  0.0000E+00  0.0000E+00  0.0000E+00  0.0000E+00
       5       33       11       32        0        0                         0.5798E+09  0.1228E+07  0.2670E+07  0.7044E+06  0.5389E+05  0.1360E+04  0.0000E+00  0.0000E+00
       2       34       11       33       11        0                         0.5628E+09  0.8144E+05  0.2522E+07  0.6424E+06  0.4624E+05  0.4056E+04  0.0000E+00  0.0000E+00
      11       35        8        0        0        0                  12p    0.0000E+00  0.0000E+00  0.0000E+00  0.0000E+00  0.0000E+00  0.0000E+00  0.0000E+00  0.0000E+00
       5       36       12       35        0        0                         0.1520E+10  0.4756E+08  0.9572E+07  0.2177E+07  0.1287E+06  0.1454E+04  0.0000E+00  0.0000E+00
       2       37       12       36       12        0                         0.1507E+10  0.3552E+06  0.9266E+07  0.2069E+07  0.1248E+06  0.4358E+04  0.0000E+00  0.0000E+00
      11       38        9        0        0        0                  13p    0.0000E+00  0.0000E+00  0.0000E+00  0.0000E+00  0.0000E+00  0.0000E+00  0.0000E+00  0.0000E+00
       5       39       13       38        0        0                         0.9422E+09  0.9566E+08  0.8029E+07  0.1823E+07  0.1464E+06  0.1234E+04  0.0000E+00  0.0000E+00
       2       40       13       39       13        0                         0.9387E+09  0.2035E+06  0.7944E+07  0.1792E+07  0.1447E+06  0.3683E+04  0.0000E+00  0.0000E+00
       5       41       10       31        0        0                         0.1903E+10  0.6180E+07  0.1238E+08  0.2894E+07  0.3163E+06  0.7089E+04  0.0000E+00  0.0000E+00
       5       42       41       34        0        0                         0.2466E+10  0.6261E+07  0.1490E+08  0.3537E+07  0.3626E+06  0.1115E+05  0.0000E+00  0.0000E+00
       5       43       42       37        0        0                         0.3973E+10  0.6616E+07  0.2416E+08  0.5606E+07  0.4873E+06  0.1550E+05  0.0000E+00  0.0000E+00
       5       44       43       40        0        0                         0.4911E+10  0.6820E+07  0.3211E+08  0.7398E+07  0.6320E+06  0.1919E+05  0.0000E+00  0.0000E+00
      11       45       10        0        0        0                  10p    0.0000E+00  0.0000E+00  0.0000E+00  0.0000E+00  0.0000E+00  0.0000E+00  0.0000E+00  0.0000E+00
       5       46       44       45        0        0                         0.4911E+10  0.6820E+07  0.3211E+08  0.7398E+07  0.6320E+06  0.1919E+05  0.0000E+00  0.0000E+00
       2       47       10       46       10        0                         0.4879E+10  0.9475E+06  0.3131E+08  0.7115E+07  0.6279E+06  0.5751E+05  0.0000E+00  0.0000E+00
       5       48        3       16        0        0                         0.2294E+09  0.6174E+05  0.2864E+06  0.8334E+05  0.8403E+05  0.4200E+03  0.0000E+00  0.0000E+00
       5       49       48       19        0        0                         0.5051E+09  0.9016E+05  0.4951E+06  0.1369E+06  0.2729E+06  0.1025E+04  0.0000E+00  0.0000E+00
      11       50       11        0        0        0                   3p    0.0000E+00  0.0000E+00  0.0000E+00  0.0000E+00  0.0000E+00  0.0000E+00  0.0000E+00  0.0000E+00
       5       51       49       50        0        0                         0.5051E+09  0.9016E+05  0.4951E+06  0.1369E+06  0.2729E+06  0.1025E+04  0.0000E+00  0.0000E+00
       2       52        3       51        3        0                         0.4895E+09  0.4097E+05  0.4798E+06  0.1304E+06  0.2675E+06  0.3072E+04  0.0000E+00  0.0000E+00
       5       53        5       28        0        0                         0.5855E+09  0.1881E+06  0.5745E+07  0.1568E+07  0.2286E+06  0.7224E+04  0.0000E+00  0.0000E+00
       5       54       53       47        0        0                         0.5465E+10  0.1136E+07  0.3706E+08  0.8684E+07  0.8566E+06  0.6473E+05  0.0000E+00  0.0000E+00
      11       55       12        0        0        0                   5p    0.0000E+00  0.0000E+00  0.0000E+00  0.0000E+00  0.0000E+00  0.0000E+00  0.0000E+00  0.0000E+00
       5       56       54       55        0        0                         0.5465E+10  0.1136E+07  0.3706E+08  0.8684E+07  0.8566E+06  0.6473E+05  0.0000E+00  0.0000E+00
       2       57        5       56        5        0                         0.5414E+10  0.7493E+06  0.3543E+08  0.8099E+07  0.8473E+06  0.1926E+06  0.0000E+00  0.0000E+00
       5       58        1       52        0        0                         0.5729E+09  0.4097E+05  0.4798E+06  0.1304E+06  0.2896E+06  0.3072E+04  0.0000E+00  0.0000E+00
       5       59       58       57        0        0                         0.5986E+10  0.7902E+06  0.3591E+08  0.8229E+07  0.1137E+07  0.1957E+06  0.0000E+00  0.0000E+00
       5       60       59       22        0        0                         0.6038E+10  0.7932E+06  0.3600E+08  0.8255E+07  0.1155E+07  0.1958E+06  0.0000E+00  0.0000E+00
       5       61       60       25        0        0                         0.6226E+10  0.8068E+06  0.3644E+08  0.8376E+07  0.1209E+07  0.1961E+06  0.0000E+00  0.0000E+00
      11       62       13        0        0        0                   1p    0.0000E+00  0.0000E+00  0.0000E+00  0.0000E+00  0.0000E+00  0.0000E+00  0.0000E+00  0.0000E+00
       5       63       61       62        0        0                         0.6226E+10  0.8068E+06  0.3644E+08  0.8376E+07  0.1209E+07  0.1961E+06  0.0000E+00  0.0000E+00
       2       64        1       63        1        0                         0.6208E+10  0.8068E+06  0.3614E+08  0.8271E+07  0.1207E+07  0.2829E+06  0.0000E+00  0.0000E+00
      14       64        1        0        0        0                         0.6208E+10  0.8068E+06  0.3614E+08  0.8271E+07  0.1207E+07  0.2829E+06  0.0000E+00  0.0000E+00
