  icode   ic inum1 inum2 inum3   subed  recmonps reccnstps  flow(m^3)   sed(t)      orgn(kg)    orgp(kg)    nitrate(kg) sol.p(kg)   sol.pst(mg) sor.pst(mg)
       1        1        1        0        0        0                         0.8231E+08  0.4504E-04  0.1335E+00  0.4006E+00  0.2582E+05  0.1337E+00  0.0000E+00  0.0000E+00
       1        2        2        0        0        0                         0.7567E+08  0.8512E+05  0.1372E+06  0.4216E+05  0.3402E+05  0.9896E+02  0.0000E+00  0.0000E+00
       1        3        3        0        0        0                         0.1548E+09  0.5737E+05  0.1470E+06  0.4120E+05  0.7325E+05  0.1230E+03  0.0000E+00  0.0000E+00
       1        4        4        0        0        0                         0.3047E+09  0.6932E+05  0.2257E+06  0.6081E+05  0.2037E+06  0.2028E+03  0.0000E+00  0.0000E+00
       1        5        5        0        0        0                         0.1857E+09  0.1272E+06  0.2273E+06  0.6993E+05  0.4407E+05  0.1952E+03  0.0000E+00  0.0000E+00
       1        6        6        0        0        0                         0.4943E+08  0.7430E+05  0.9504E+05  0.2739E+05  0.2204E+05  0.2959E+02  0.0000E+00  0.0000E+00
       1        7        7        0        0        0                         0.1826E+09  0.3431E+06  0.4240E+06  0.1174E+06  0.6736E+05  0.9618E+02  0.0000E+00  0.0000E+00
       1        8        8        0        0        0                         0.4101E+09  0.1320E+08  0.5632E+07  0.1550E+07  0.1968E+06  0.2344E+04  0.0000E+00  0.0000E+00
       1        9        9        0        0        0                         0.1237E+10  0.8850E+07  0.7527E+07  0.1760E+07  0.1640E+06  0.2142E+04  0.0000E+00  0.0000E+00
       1       10       10        0        0        0                         0.6574E+09  0.5120E+07  0.4140E+07  0.1010E+07  0.2346E+06  0.1107E+04  0.0000E+00  0.0000E+00
       1       11       11        0        0        0                         0.5700E+09  0.1173E+07  0.2562E+07  0.6767E+06  0.5850E+05  0.1345E+04  0.0000E+00  0.0000E+00
       1       12       12        0        0        0                         0.1505E+10  0.3722E+08  0.9381E+07  0.2135E+07  0.1571E+06  0.1615E+04  0.0000E+00  0.0000E+00
       1       13       13        0        0        0                         0.9411E+09  0.9509E+08  0.7945E+07  0.1805E+07  0.1478E+06  0.1337E+04  0.0000E+00  0.0000E+00
      11       14        1        0        0        0                   2p    0.0000E+00  0.0000E+00  0.0000E+00  0.0000E+00  0.0000E+00  0.0000E+00  0.0000E+00  0.0000E+00
       5       15        2       14        0        0                         0.7567E+08  0.8512E+05  0.1372E+06  0.4216E+05  0.3402E+05  0.9896E+02  0.0000E+00  0.0000E+00
       2       16        2       15        2        0                         0.7323E+08  0.2451E+04  0.1347E+06  0.4090E+05  0.3264E+05  0.2965E+03  0.0000E+00  0.0000E+00
      11       17        2        0        0        0                   4p    0.0000E+00  0.0000E+00  0.0000E+00  0.0000E+00  0.0000E+00  0.0000E+00  0.0000E+00  0.0000E+00
       5       18        4       17        0        0                         0.3047E+09  0.6932E+05  0.2257E+06  0.6081E+05  0.2037E+06  0.2028E+03  0.0000E+00  0.0000E+00
       2       19        4       18        4        0                         0.2756E+09  0.2842E+05  0.2086E+06  0.5361E+05  0.1889E+06  0.6054E+03  0.0000E+00  0.0000E+00
      11       20        3        0        0        0                   6p    0.0000E+00  0.0000E+00  0.0000E+00  0.0000E+00  0.0000E+00  0.0000E+00  0.0000E+00  0.0000E+00
       5       21        6       20        0        0                         0.4943E+08  0.7430E+05  0.9504E+05  0.2739E+05  0.2204E+05  0.2959E+02  0.0000E+00  0.0000E+00
       2       22        6       21        6        0                         0.4719E+08  0.2626E+04  0.9221E+05  0.2605E+05  0.1934E+05  0.8830E+02  0.0000E+00  0.0000E+00
      11       23        4        0        0        0                   7p    0.0000E+00  0.0000E+00  0.0000E+00  0.0000E+00  0.0000E+00  0.0000E+00  0.0000E+00  0.0000E+00
       5       24        7       23        0        0                         0.1826E+09  0.3431E+06  0.4240E+06  0.1174E+06  0.6736E+05  0.9618E+02  0.0000E+00  0.0000E+00
       2       25        7       24        7        0                         0.1798E+09  0.1324E+05  0.4164E+06  0.1140E+06  0.6539E+05  0.2879E+03  0.0000E+00  0.0000E+00
      11       26        5        0        0        0                   8p    0.0000E+00  0.0000E+00  0.0000E+00  0.0000E+00  0.0000E+00  0.0000E+00  0.0000E+00  0.0000E+00
       5       27        8       26        0        0                         0.4101E+09  0.1320E+08  0.5632E+07  0.1550E+07  0.1968E+06  0.2344E+04  0.0000E+00  0.0000E+00
       2       28        8       27        8        0                         0.3995E+09  0.5671E+05  0.5509E+07  0.1495E+07  0.1870E+06  0.7024E+04  0.0000E+00  0.0000E+00
      11       29        6        0        0        0                   9p    0.0000E+00  0.0000E+00  0.0000E+00  0.0000E+00  0.0000E+00  0.0000E+00  0.0000E+00  0.0000E+00
       5       30        9       29        0        0                         0.1237E+10  0.8850E+07  0.7527E+07  0.1760E+07  0.1640E+06  0.2142E+04  0.0000E+00  0.0000E+00
       2       31        9       30        9        0                         0.1222E+10  0.2573E+06  0.7253E+07  0.1660E+07  0.1598E+06  0.6422E+04  0.0000E+00  0.0000E+00
      11       32        7        0        0        0                  11p    0.0000E+00  0.0000E+00  0.0000E+00  0.0000E+00  0.0000E+00  0.0000E+00  0.0000E+00  0.0000E+00
       5       33       11       32        0        0                         0.5700E+09  0.1173E+07  0.2562E+07  0.6767E+06  0.5850E+05  0.1345E+04  0.0000E+00  0.0000E+00
       2       34       11       33       11        0                         0.5530E+09  0.7972E+05  0.2422E+07  0.6177E+06  0.5087E+05  0.4012E+04  0.0000E+00  0.0000E+00
      11       35        8        0        0        0                  12p    0.0000E+00  0.0000E+00  0.0000E+00  0.0000E+00  0.0000E+00  0.0000E+00  0.0000E+00  0.0000E+00
       5       36       12       35        0        0                         0.1505E+10  0.3722E+08  0.9381E+07  0.2135E+07  0.1571E+06  0.1615E+04  0.0000E+00  0.0000E+00
       2       37       12       36       12        0                         0.1491E+10  0.3516E+06  0.9084E+07  0.2030E+07  0.1529E+06  0.4841E+04  0.0000E+00  0.0000E+00
      11       38        9        0        0        0                  13p    0.0000E+00  0.0000E+00  0.0000E+00  0.0000E+00  0.0000E+00  0.0000E+00  0.0000E+00  0.0000E+00
       5       39       13       38        0        0                         0.9411E+09  0.9509E+08  0.7945E+07  0.1805E+07  0.1478E+06  0.1337E+04  0.0000E+00  0.0000E+00
       2       40       13       39       13        0                         0.9376E+09  0.2034E+06  0.7862E+07  0.1775E+07  0.1460E+06  0.3978E+04  0.0000E+00  0.0000E+00
       5       41       10       31        0        0                         0.1880E+10  0.5377E+07  0.1139E+08  0.2670E+07  0.3944E+06  0.7529E+04  0.0000E+00  0.0000E+00
       5       42       41       34        0        0                         0.2433E+10  0.5457E+07  0.1382E+08  0.3287E+07  0.4452E+06  0.1154E+05  0.0000E+00  0.0000E+00
       5       43       42       37        0        0                         0.3924E+10  0.5809E+07  0.2290E+08  0.5318E+07  0.5982E+06  0.1638E+05  0.0000E+00  0.0000E+00
       5       44       43       40        0        0                         0.4862E+10  0.6012E+07  0.3076E+08  0.7093E+07  0.7442E+06  0.2036E+05  0.0000E+00  0.0000E+00
      11       45       10        0        0        0                  10p    0.0000E+00  0.0000E+00  0.0000E+00  0.0000E+00  0.0000E+00  0.0000E+00  0.0000E+00  0.0000E+00
       5       46       44       45        0        0                         0.4862E+10  0.6012E+07  0.3076E+08  0.7093E+07  0.7442E+06  0.2036E+05  0.0000E+00  0.0000E+00
       2       47       10       46       10        0                         0.4830E+10  0.9358E+06  0.3000E+08  0.6824E+07  0.7395E+06  0.6099E+05  0.0000E+00  0.0000E+00
       5       48        3       16        0        0                         0.2280E+09  0.5982E+05  0.2817E+06  0.8209E+05  0.1059E+06  0.4195E+03  0.0000E+00  0.0000E+00
       5       49       48       19        0        0                         0.5036E+09  0.8824E+05  0.4904E+06  0.1357E+06  0.2948E+06  0.1025E+04  0.0000E+00  0.0000E+00
      11       50       11        0        0        0                   3p    0.0000E+00  0.0000E+00  0.0000E+00  0.0000E+00  0.0000E+00  0.0000E+00  0.0000E+00  0.0000E+00
       5       51       49       50        0        0                         0.5036E+09  0.8824E+05  0.4904E+06  0.1357E+06  0.2948E+06  0.1025E+04  0.0000E+00  0.0000E+00
       2       52        3       51        3        0                         0.4881E+09  0.4079E+05  0.4752E+06  0.1292E+06  0.2885E+06  0.3070E+04  0.0000E+00  0.0000E+00
       5       53        5       28        0        0                         0.5852E+09  0.1839E+06  0.5737E+07  0.1565E+07  0.2311E+06  0.7220E+04  0.0000E+00  0.0000E+00
       5       54       53       47        0        0                         0.5415E+10  0.1120E+07  0.3574E+08  0.8388E+07  0.9706E+06  0.6821E+05  0.0000E+00  0.0000E+00
      11       55       12        0        0        0                   5p    0.0000E+00  0.0000E+00  0.0000E+00  0.0000E+00  0.0000E+00  0.0000E+00  0.0000E+00  0.0000E+00
       5       56       54       55        0        0                         0.5415E+10  0.1120E+07  0.3574E+08  0.8388E+07  0.9706E+06  0.6821E+05  0.0000E+00  0.0000E+00
       2       57        5       56        5        0                         0.5364E+10  0.7412E+06  0.3418E+08  0.7827E+07  0.9601E+06  0.2000E+06  0.0000E+00  0.0000E+00
       5       58        1       52        0        0                         0.5704E+09  0.4079E+05  0.4752E+06  0.1292E+06  0.3143E+06  0.3070E+04  0.0000E+00  0.0000E+00
       5       59       58       57        0        0                         0.5934E+10  0.7820E+06  0.3466E+08  0.7956E+07  0.1274E+07  0.2031E+06  0.0000E+00  0.0000E+00
       5       60       59       22        0        0                         0.5981E+10  0.7846E+06  0.3475E+08  0.7982E+07  0.1294E+07  0.2032E+06  0.0000E+00  0.0000E+00
       5       61       60       25        0        0                         0.6161E+10  0.7979E+06  0.3517E+08  0.8096E+07  0.1359E+07  0.2034E+06  0.0000E+00  0.0000E+00
      11       62       13        0        0        0                   1p    0.0000E+00  0.0000E+00  0.0000E+00  0.0000E+00  0.0000E+00  0.0000E+00  0.0000E+00  0.0000E+00
       5       63       61       62        0        0                         0.6161E+10  0.7979E+06  0.3517E+08  0.8096E+07  0.1359E+07  0.2034E+06  0.0000E+00  0.0000E+00
       2       64        1       63        1        0                         0.6143E+10  0.7979E+06  0.3488E+08  0.7995E+07  0.1357E+07  0.2868E+06  0.0000E+00  0.0000E+00
      14       64        1        0        0        0                         0.6143E+10  0.7979E+06  0.3488E+08  0.7995E+07  0.1357E+07  0.2868E+06  0.0000E+00  0.0000E+00
