  icode   ic inum1 inum2 inum3   subed  recmonps reccnstps  flow(m^3)   sed(t)      orgn(kg)    orgp(kg)    nitrate(kg) sol.p(kg)   sol.pst(mg) sor.pst(mg)
       1        1        1        0        0        0                         0.9429E+08  0.1914E+02  0.7359E+02  0.2249E+02  0.2750E+05  0.3575E+00  0.0000E+00  0.0000E+00
       1        2        2        0        0        0                         0.9032E+08  0.2807E+06  0.4650E+06  0.1440E+06  0.3880E+05  0.3034E+03  0.0000E+00  0.0000E+00
       1        3        3        0        0        0                         0.1591E+09  0.4816E+06  0.9478E+06  0.2750E+06  0.8468E+05  0.6174E+03  0.0000E+00  0.0000E+00
       1        4        4        0        0        0                         0.3186E+09  0.1165E+07  0.2099E+07  0.6214E+06  0.2510E+06  0.1169E+04  0.0000E+00  0.0000E+00
       1        5        5        0        0        0                         0.1948E+09  0.3713E+06  0.7284E+06  0.2253E+06  0.4883E+05  0.5622E+03  0.0000E+00  0.0000E+00
       1        6        6        0        0        0                         0.8233E+08  0.1317E+06  0.2303E+06  0.6580E+05  0.2238E+05  0.6095E+03  0.0000E+00  0.0000E+00
       1        7        7        0        0        0                         0.1824E+09  0.4157E+06  0.5018E+06  0.1398E+06  0.6731E+05  0.1032E+03  0.0000E+00  0.0000E+00
       1        8        8        0        0        0                         0.4187E+09  0.2721E+08  0.9388E+07  0.2556E+07  0.2111E+06  0.3073E+04  0.0000E+00  0.0000E+00
       1        9        9        0        0        0                         0.1241E+10  0.1136E+08  0.8335E+07  0.1949E+07  0.1630E+06  0.2184E+04  0.0000E+00  0.0000E+00
       1       10       10        0        0        0                         0.6567E+09  0.5181E+07  0.4175E+07  0.1020E+07  0.2353E+06  0.1093E+04  0.0000E+00  0.0000E+00
       1       11       11        0        0        0                         0.5790E+09  0.1210E+07  0.2608E+07  0.6884E+06  0.5950E+05  0.1337E+04  0.0000E+00  0.0000E+00
       1       12       12        0        0        0                         0.1512E+10  0.3761E+08  0.9484E+07  0.2158E+07  0.1577E+06  0.1657E+04  0.0000E+00  0.0000E+00
       1       13       13        0        0        0                         0.9411E+09  0.9509E+08  0.7945E+07  0.1805E+07  0.1478E+06  0.1337E+04  0.0000E+00  0.0000E+00
      11       14        1        0        0        0                   2p    0.0000E+00  0.0000E+00  0.0000E+00  0.0000E+00  0.0000E+00  0.0000E+00  0.0000E+00  0.0000E+00
       5       15        2       14        0        0                         0.9032E+08  0.2807E+06  0.4650E+06  0.1440E+06  0.3880E+05  0.3034E+03  0.0000E+00  0.0000E+00
       2       16        2       15        2        0                         0.8825E+08  0.4006E+04  0.4529E+06  0.1374E+06  0.3685E+05  0.9088E+03  0.0000E+00  0.0000E+00
      11       17        2        0        0        0                   4p    0.0000E+00  0.0000E+00  0.0000E+00  0.0000E+00  0.0000E+00  0.0000E+00  0.0000E+00  0.0000E+00
       5       18        4       17        0        0                         0.3186E+09  0.1165E+07  0.2099E+07  0.6214E+06  0.2510E+06  0.1169E+04  0.0000E+00  0.0000E+00
       2       19        4       18        4        0                         0.2950E+09  0.4833E+05  0.2025E+07  0.5855E+06  0.2338E+06  0.3501E+04  0.0000E+00  0.0000E+00
      11       20        3        0        0        0                   6p    0.0000E+00  0.0000E+00  0.0000E+00  0.0000E+00  0.0000E+00  0.0000E+00  0.0000E+00  0.0000E+00
       5       21        6       20        0        0                         0.8233E+08  0.1317E+06  0.2303E+06  0.6580E+05  0.2238E+05  0.6095E+03  0.0000E+00  0.0000E+00
       2       22        6       21        6        0                         0.8022E+08  0.4994E+04  0.2240E+06  0.6298E+05  0.2073E+05  0.1767E+04  0.0000E+00  0.0000E+00
      11       23        4        0        0        0                   7p    0.0000E+00  0.0000E+00  0.0000E+00  0.0000E+00  0.0000E+00  0.0000E+00  0.0000E+00  0.0000E+00
       5       24        7       23        0        0                         0.1824E+09  0.4157E+06  0.5018E+06  0.1398E+06  0.6731E+05  0.1032E+03  0.0000E+00  0.0000E+00
       2       25        7       24        7        0                         0.1796E+09  0.1327E+05  0.4932E+06  0.1360E+06  0.6528E+05  0.3090E+03  0.0000E+00  0.0000E+00
      11       26        5        0        0        0                   8p    0.0000E+00  0.0000E+00  0.0000E+00  0.0000E+00  0.0000E+00  0.0000E+00  0.0000E+00  0.0000E+00
       5       27        8       26        0        0                         0.4187E+09  0.2721E+08  0.9388E+07  0.2556E+07  0.2111E+06  0.3073E+04  0.0000E+00  0.0000E+00
       2       28        8       27        8        0                         0.4100E+09  0.9044E+05  0.9260E+07  0.2499E+07  0.2006E+06  0.9213E+04  0.0000E+00  0.0000E+00
      11       29        6        0        0        0                   9p    0.0000E+00  0.0000E+00  0.0000E+00  0.0000E+00  0.0000E+00  0.0000E+00  0.0000E+00  0.0000E+00
       5       30        9       29        0        0                         0.1241E+10  0.1136E+08  0.8335E+07  0.1949E+07  0.1630E+06  0.2184E+04  0.0000E+00  0.0000E+00
       2       31        9       30        9        0                         0.1227E+10  0.2614E+06  0.8062E+07  0.1850E+07  0.1590E+06  0.6550E+04  0.0000E+00  0.0000E+00
      11       32        7        0        0        0                  11p    0.0000E+00  0.0000E+00  0.0000E+00  0.0000E+00  0.0000E+00  0.0000E+00  0.0000E+00  0.0000E+00
       5       33       11       32        0        0                         0.5790E+09  0.1210E+07  0.2608E+07  0.6884E+06  0.5950E+05  0.1337E+04  0.0000E+00  0.0000E+00
       2       34       11       33       11        0                         0.5621E+09  0.8135E+05  0.2473E+07  0.6322E+06  0.5231E+05  0.3985E+04  0.0000E+00  0.0000E+00
      11       35        8        0        0        0                  12p    0.0000E+00  0.0000E+00  0.0000E+00  0.0000E+00  0.0000E+00  0.0000E+00  0.0000E+00  0.0000E+00
       5       36       12       35        0        0                         0.1512E+10  0.3761E+08  0.9484E+07  0.2158E+07  0.1577E+06  0.1657E+04  0.0000E+00  0.0000E+00
       2       37       12       36       12        0                         0.1499E+10  0.3562E+06  0.9194E+07  0.2056E+07  0.1535E+06  0.4966E+04  0.0000E+00  0.0000E+00
      11       38        9        0        0        0                  13p    0.0000E+00  0.0000E+00  0.0000E+00  0.0000E+00  0.0000E+00  0.0000E+00  0.0000E+00  0.0000E+00
       5       39       13       38        0        0                         0.9411E+09  0.9509E+08  0.7945E+07  0.1805E+07  0.1478E+06  0.1337E+04  0.0000E+00  0.0000E+00
       2       40       13       39       13        0                         0.9376E+09  0.2034E+06  0.7864E+07  0.1776E+07  0.1461E+06  0.3960E+04  0.0000E+00  0.0000E+00
       5       41       10       31        0        0                         0.1883E+10  0.5442E+07  0.1224E+08  0.2870E+07  0.3943E+06  0.7643E+04  0.0000E+00  0.0000E+00
       5       42       41       34        0        0                         0.2446E+10  0.5523E+07  0.1471E+08  0.3503E+07  0.4466E+06  0.1163E+05  0.0000E+00  0.0000E+00
       5       43       42       37        0        0                         0.3945E+10  0.5880E+07  0.2390E+08  0.5558E+07  0.6001E+06  0.1659E+05  0.0000E+00  0.0000E+00
       5       44       43       40        0        0                         0.4882E+10  0.6083E+07  0.3177E+08  0.7334E+07  0.7462E+06  0.2055E+05  0.0000E+00  0.0000E+00
      11       45       10        0        0        0                  10p    0.0000E+00  0.0000E+00  0.0000E+00  0.0000E+00  0.0000E+00  0.0000E+00  0.0000E+00  0.0000E+00
       5       46       44       45        0        0                         0.4882E+10  0.6083E+07  0.3177E+08  0.7334E+07  0.7462E+06  0.2055E+05  0.0000E+00  0.0000E+00
       2       47       10       46       10        0                         0.4850E+10  0.9436E+06  0.3103E+08  0.7071E+07  0.7413E+06  0.6135E+05  0.0000E+00  0.0000E+00
       5       48        3       16        0        0                         0.2474E+09  0.4857E+06  0.1401E+07  0.4124E+06  0.1215E+06  0.1526E+04  0.0000E+00  0.0000E+00
       5       49       48       19        0        0                         0.5424E+09  0.5340E+06  0.3426E+07  0.9979E+06  0.3553E+06  0.5027E+04  0.0000E+00  0.0000E+00
      11       50       11        0        0        0                   3p    0.0000E+00  0.0000E+00  0.0000E+00  0.0000E+00  0.0000E+00  0.0000E+00  0.0000E+00  0.0000E+00
       5       51       49       50        0        0                         0.5424E+09  0.5340E+06  0.3426E+07  0.9979E+06  0.3553E+06  0.5027E+04  0.0000E+00  0.0000E+00
       2       52        3       51        3        0                         0.5289E+09  0.6709E+05  0.3346E+07  0.9596E+06  0.3487E+06  0.1507E+05  0.0000E+00  0.0000E+00
       5       53        5       28        0        0                         0.6048E+09  0.4617E+06  0.9988E+07  0.2724E+07  0.2495E+06  0.9775E+04  0.0000E+00  0.0000E+00
       5       54       53       47        0        0                         0.5455E+10  0.1405E+07  0.4101E+08  0.9795E+07  0.9908E+06  0.7113E+05  0.0000E+00  0.0000E+00
      11       55       12        0        0        0                   5p    0.0000E+00  0.0000E+00  0.0000E+00  0.0000E+00  0.0000E+00  0.0000E+00  0.0000E+00  0.0000E+00
       5       56       54       55        0        0                         0.5455E+10  0.1405E+07  0.4101E+08  0.9795E+07  0.9908E+06  0.7113E+05  0.0000E+00  0.0000E+00
       2       57        5       56        5        0                         0.5411E+10  0.7681E+06  0.3938E+08  0.9186E+07  0.9745E+06  0.2059E+06  0.0000E+00  0.0000E+00
       5       58        1       52        0        0                         0.6232E+09  0.6711E+05  0.3346E+07  0.9596E+06  0.3762E+06  0.1507E+05  0.0000E+00  0.0000E+00
       5       59       58       57        0        0                         0.6035E+10  0.8352E+06  0.4273E+08  0.1015E+08  0.1351E+07  0.2210E+06  0.0000E+00  0.0000E+00
       5       60       59       22        0        0                         0.6115E+10  0.8402E+06  0.4295E+08  0.1021E+08  0.1371E+07  0.2227E+06  0.0000E+00  0.0000E+00
       5       61       60       25        0        0                         0.6294E+10  0.8534E+06  0.4344E+08  0.1034E+08  0.1437E+07  0.2230E+06  0.0000E+00  0.0000E+00
      11       62       13        0        0        0                   1p    0.0000E+00  0.0000E+00  0.0000E+00  0.0000E+00  0.0000E+00  0.0000E+00  0.0000E+00  0.0000E+00
       5       63       61       62        0        0                         0.6294E+10  0.8534E+06  0.4344E+08  0.1034E+08  0.1437E+07  0.2230E+06  0.0000E+00  0.0000E+00
       2       64        1       63        1        0                         0.6279E+10  0.8534E+06  0.4312E+08  0.1023E+08  0.1434E+07  0.3162E+06  0.0000E+00  0.0000E+00
      14       64        1        0        0        0                         0.6279E+10  0.8534E+06  0.4312E+08  0.1023E+08  0.1434E+07  0.3162E+06  0.0000E+00  0.0000E+00
